<?xml version="1.0" encoding="UTF-8"?>
<!-- Generated by org.testng.reporters.JUnitReportReporter -->
<testsuite hostname="DESKTOP-PI0A1DS" failures="0" tests="4" name="api.test.UserTests" time="12.334" errors="0" timestamp="2024-04-24T16:51:39 EDT" skipped="0">
  <testcase classname="api.test.UserTests" name="testPostuser" time="10.401"/>
  <testcase classname="api.test.UserTests" name="testGetUserByName" time="0.484"/>
  <testcase classname="api.test.UserTests" name="testUpdateuserByName" time="0.938"/>
  <testcase classname="api.test.UserTests" name="testDeleteUserbyName" time="0.511"/>
</testsuite> <!-- api.test.UserTests -->
