<?xml version="1.0" encoding="UTF-8"?>
<!-- Generated by org.testng.reporters.JUnitReportReporter -->
<testsuite hostname="DESKTOP-PI0A1DS" failures="0" tests="6" name="api.test.DataDTests" time="4.404" errors="0" timestamp="2024-04-24T15:43:23 EDT" skipped="0">
  <testcase classname="api.test.DataDTests" name="testPostUser" time="0.331"/>
  <testcase classname="api.test.DataDTests" name="testPostUser" time="0.323"/>
  <testcase classname="api.test.DataDTests" name="testPostUser" time="2.597"/>
  <testcase classname="api.test.DataDTests" name="testDeleteUser" time="0.340"/>
  <testcase classname="api.test.DataDTests" name="testDeleteUser" time="0.335"/>
  <testcase classname="api.test.DataDTests" name="testDeleteUser" time="0.478"/>
</testsuite> <!-- api.test.DataDTests -->
