<?xml version="1.0" encoding="UTF-8"?>
<!-- Generated by org.testng.reporters.JUnitReportReporter -->
<testsuite hostname="DESKTOP-PI0A1DS" failures="0" tests="4" name="api.test.UserTests2" time="10.660" errors="0" timestamp="2024-04-24T17:33:26 EDT" skipped="0">
  <testcase classname="api.test.UserTests2" name="testPostuser" time="8.412"/>
  <testcase classname="api.test.UserTests2" name="testGetUserByName" time="0.717"/>
  <testcase classname="api.test.UserTests2" name="testUpdateuserByName" time="1.140"/>
  <testcase classname="api.test.UserTests2" name="testDeleteUserbyName" time="0.391"/>
</testsuite> <!-- api.test.UserTests2 -->
