<?xml version="1.0" encoding="UTF-8"?>
<!-- Generated by org.testng.reporters.JUnitReportReporter -->
<testsuite hostname="DESKTOP-PI0A1DS" failures="0" tests="4" name="api.test.UserTests" time="2.008" errors="0" timestamp="2024-04-24T18:47:49 EDT" skipped="0">
  <testcase classname="api.test.UserTests" name="testPostuser" time="0.521"/>
  <testcase classname="api.test.UserTests" name="testGetUserByName" time="0.455"/>
  <testcase classname="api.test.UserTests" name="testUpdateuserByName" time="0.716"/>
  <testcase classname="api.test.UserTests" name="testDeleteUserbyName" time="0.316"/>
</testsuite> <!-- api.test.UserTests -->
