<?xml version="1.0" encoding="UTF-8"?>
<!-- Generated by org.testng.reporters.JUnitReportReporter -->
<testsuite hostname="DESKTOP-PI0A1DS" failures="0" tests="6" name="api.test.DataDTests" time="4.662" errors="0" timestamp="2024-04-24T18:47:49 EDT" skipped="0">
  <testcase classname="api.test.DataDTests" name="testPostUser" time="0.462"/>
  <testcase classname="api.test.DataDTests" name="testPostUser" time="2.416"/>
  <testcase classname="api.test.DataDTests" name="testPostUser" time="0.471"/>
  <testcase classname="api.test.DataDTests" name="testDeleteUser" time="0.474"/>
  <testcase classname="api.test.DataDTests" name="testDeleteUser" time="0.356"/>
  <testcase classname="api.test.DataDTests" name="testDeleteUser" time="0.483"/>
</testsuite> <!-- api.test.DataDTests -->
